Unity Editor version:    2021.3.19f1 (c9714fde33b6)
Branch:                  2021.3/staging
Build type:              Release
Batch mode:              YES
System name:             Linux
Distro version:          #1 SMP PREEMPT_DYNAMIC Debian 6.0.12-1kali1 (2022-12-19)
Kernel version:          6.0.0-kali6-amd64
Architecture:            x86_64
Available memory:        3742 MB
Using pre-set license
Pro License: YES
Desktop is 1920 x 1848 @ 60 Hz
Initialize udev device monitor.

COMMAND LINE ARGUMENTS:
Unity
-adb2
-batchMode
-noUpm
-name
AssetImportWorker0
-projectPath
/home/mrrobot/dev/ANOMALY - Autonomous Network Of Modelled Lifeforms and Yoked-Organisms/Client
-logFile
Logs/AssetImportWorker0.log
-srvPort
37233
Successfully changed project path to: /home/mrrobot/dev/ANOMALY - Autonomous Network Of Modelled Lifeforms and Yoked-Organisms/Client
/home/mrrobot/dev/ANOMALY - Autonomous Network Of Modelled Lifeforms and Yoked-Organisms/Client
[UnityMemory] Configuration Parameters - Can be set up in boot.config
    "memorysetup-bucket-allocator-granularity=16"
    "memorysetup-bucket-allocator-bucket-count=8"
    "memorysetup-bucket-allocator-block-size=33554432"
    "memorysetup-bucket-allocator-block-count=8"
    "memorysetup-main-allocator-block-size=16777216"
    "memorysetup-thread-allocator-block-size=16777216"
    "memorysetup-gfx-main-allocator-block-size=16777216"
    "memorysetup-gfx-thread-allocator-block-size=16777216"
    "memorysetup-cache-allocator-block-size=4194304"
    "memorysetup-typetree-allocator-block-size=2097152"
    "memorysetup-profiler-bucket-allocator-granularity=16"
    "memorysetup-profiler-bucket-allocator-bucket-count=8"
    "memorysetup-profiler-bucket-allocator-block-size=33554432"
    "memorysetup-profiler-bucket-allocator-block-count=8"
    "memorysetup-profiler-allocator-block-size=16777216"
    "memorysetup-profiler-editor-allocator-block-size=1048576"
    "memorysetup-temp-allocator-size-main=16777216"
    "memorysetup-job-temp-allocator-block-size=2097152"
    "memorysetup-job-temp-allocator-block-size-background=1048576"
    "memorysetup-job-temp-allocator-reduction-small-platforms=262144"
    "memorysetup-temp-allocator-size-background-worker=32768"
    "memorysetup-temp-allocator-size-job-worker=262144"
    "memorysetup-temp-allocator-size-preload-manager=33554432"
    "memorysetup-temp-allocator-size-nav-mesh-worker=65536"
    "memorysetup-temp-allocator-size-audio-worker=65536"
    "memorysetup-temp-allocator-size-cloud-worker=32768"
    "memorysetup-temp-allocator-size-gi-baking-worker=262144"
    "memorysetup-temp-allocator-size-gfx=262144"
Player connection [140042698552128] Host "[IP] 192.168.1.26 [Port] 0 [Flags] 2 [Guid] 1030893647 [EditorId] 1030893647 [Version] 1048832 [Id] LinuxEditor(16,192.168.1.26) [Debug] 1 [PackageName] LinuxEditor [ProjectName] Editor" joined multi-casting on [225.0.0.222:54997]...

Player connection [140042698552128] Host "[IP] 192.168.1.26 [Port] 0 [Flags] 2 [Guid] 1030893647 [EditorId] 1030893647 [Version] 1048832 [Id] LinuxEditor(16,192.168.1.26) [Debug] 1 [PackageName] LinuxEditor [ProjectName] Editor" joined alternative multi-casting on [225.0.0.222:34997]...

Refreshing native plugins compatible for Editor in 417,49 ms, found 0 plugins.
Preloading 0 native plugins for Editor in 0,00 ms.
Initialize engine version: 2021.3.19f1 (c9714fde33b6)
[Subsystems] Discovering subsystems at path /home/mrrobot/Unity/Hub/Editor/2021.3.19f1/Editor/Data/Resources/UnitySubsystems
[Subsystems] Discovering subsystems at path /home/mrrobot/dev/ANOMALY - Autonomous Network Of Modelled Lifeforms and Yoked-Organisms/Client/Assets
GLX Extensions: GLX_ARB_context_flush_control GLX_ARB_create_context GLX_ARB_create_context_no_error GLX_ARB_create_context_profile GLX_ARB_create_context_robustness GLX_ARB_fbconfig_float GLX_ARB_framebuffer_sRGB GLX_ARB_get_proc_address GLX_ARB_multisample GLX_EXT_buffer_age GLX_EXT_create_context_es2_profile GLX_EXT_create_context_es_profile GLX_EXT_fbconfig_packed_float GLX_EXT_framebuffer_sRGB GLX_EXT_no_config_context GLX_EXT_swap_control GLX_EXT_swap_control_tear GLX_EXT_texture_from_pixmap GLX_EXT_visual_info GLX_EXT_visual_rating GLX_INTEL_swap_event GLX_MESA_copy_sub_buffer GLX_MESA_query_renderer GLX_MESA_swap_control GLX_OML_swap_method GLX_OML_sync_control GLX_SGIS_multisample GLX_SGIX_fbconfig GLX_SGIX_pbuffer GLX_SGIX_visual_select_group GLX_SGI_make_current_read GLX_SGI_swap_control GLX_SGI_video_sync 
Renderer: Mesa Intel(R) UHD Graphics 600 (GLK 2)
Vendor:   Intel
Version:  4.6 (Core Profile) Mesa 22.3.3
GLES:     0
 GL_3DFX_texture_compression_FXT1 GL_AMD_conservative_depth GL_AMD_depth_clamp_separate GL_AMD_draw_buffers_blend GL_AMD_gpu_shader_int64 GL_AMD_multi_draw_indirect GL_AMD_performance_monitor GL_AMD_query_buffer_object GL_AMD_seamless_cubemap_per_texture GL_AMD_shader_stencil_export GL_AMD_shader_trinary_minmax GL_AMD_texture_texture4 GL_AMD_vertex_shader_layer GL_AMD_vertex_shader_viewport_index GL_ANGLE_texture_compression_dxt3 GL_ANGLE_texture_compression_dxt5 GL_ARB_ES2_compatibility GL_ARB_ES3_1_compatibility GL_ARB_ES3_2_compatibility GL_ARB_ES3_compatibility GL_ARB_arrays_of_arrays GL_ARB_base_instance GL_ARB_blend_func_extended GL_ARB_buffer_storage GL_ARB_clear_buffer_object GL_ARB_clear_texture GL_ARB_clip_control GL_ARB_compressed_texture_pixel_storage GL_ARB_compute_shader GL_ARB_compute_variable_group_size GL_ARB_conditional_render_inverted GL_ARB_conservative_depth GL_ARB_copy_buffer GL_ARB_copy_image GL_ARB_cull_distance GL_ARB_debug_output GL_ARB_depth_buffer_float GL_ARB_depth_clamp GL_ARB_d
erivative_control GL_ARB_direct_state_access GL_ARB_draw_buffers GL_ARB_draw_buffers_blend GL_ARB_draw_elements_base_vertex GL_ARB_draw_indirect GL_ARB_draw_instanced GL_ARB_enhanced_layouts GL_ARB_explicit_attrib_location GL_ARB_explicit_uniform_location GL_ARB_fragment_coord_conventions GL_ARB_fragment_layer_viewport GL_ARB_fragment_shader GL_ARB_fragment_shader_interlock GL_ARB_framebuffer_no_attachments GL_ARB_framebuffer_object GL_ARB_framebuffer_sRGB GL_ARB_get_program_binary GL_ARB_get_texture_sub_image GL_ARB_gl_spirv GL_ARB_gpu_shader5 GL_ARB_gpu_shader_fp64 GL_ARB_gpu_shader_int64 GL_ARB_half_float_pixel GL_ARB_half_float_vertex GL_ARB_indirect_parameters GL_ARB_instanced_arrays GL_ARB_internalformat_query GL_ARB_internalformat_query2 GL_ARB_invalidate_subdata GL_ARB_map_buffer_alignment GL_ARB_map_buffer_range GL_ARB_multi_bind GL_ARB_multi_draw_indirect GL_ARB_occlusion_query2 GL_ARB_parallel_shader_compile GL_ARB_pipeline_statistics_query GL_ARB_pixel_buffer_object GL_ARB_point_sprite GL_ARB_pol
ygon_offset_clamp GL_ARB_post_depth_coverage GL_ARB_program_interface_query GL_ARB_provoking_vertex GL_ARB_query_buffer_object GL_ARB_robust_buffer_access_behavior GL_ARB_robustness GL_ARB_sample_shading GL_ARB_sampler_objects GL_ARB_seamless_cube_map GL_ARB_seamless_cubemap_per_texture GL_ARB_separate_shader_objects GL_ARB_shader_atomic_counter_ops GL_ARB_shader_atomic_counters GL_ARB_shader_ballot GL_ARB_shader_bit_encoding GL_ARB_shader_clock GL_ARB_shader_draw_parameters GL_ARB_shader_group_vote GL_ARB_shader_image_load_store GL_ARB_shader_image_size GL_ARB_shader_objects GL_ARB_shader_precision GL_ARB_shader_stencil_export GL_ARB_shader_storage_buffer_object GL_ARB_shader_subroutine GL_ARB_shader_texture_image_samples GL_ARB_shader_texture_lod GL_ARB_shader_viewport_layer_array GL_ARB_shading_language_420pack GL_ARB_shading_language_include GL_ARB_shading_language_packing GL_ARB_spirv_extensions GL_ARB_stencil_texturing GL_ARB_sync GL_ARB_tessellation_shader GL_ARB_texture_barrier GL_ARB_texture_buffer_
object GL_ARB_texture_buffer_object_rgb32 GL_ARB_texture_buffer_range GL_ARB_texture_compression_bptc GL_ARB_texture_compression_rgtc GL_ARB_texture_cube_map_array GL_ARB_texture_filter_anisotropic GL_ARB_texture_float GL_ARB_texture_gather GL_ARB_texture_mirror_clamp_to_edge GL_ARB_texture_multisample GL_ARB_texture_non_power_of_two GL_ARB_texture_query_levels GL_ARB_texture_query_lod GL_ARB_texture_rectangle GL_ARB_texture_rg GL_ARB_texture_rgb10_a2ui GL_ARB_texture_stencil8 GL_ARB_texture_storage GL_ARB_texture_storage_multisample GL_ARB_texture_swizzle GL_ARB_texture_view GL_ARB_timer_query GL_ARB_transform_feedback2 GL_ARB_transform_feedback3 GL_ARB_transform_feedback_instanced GL_ARB_transform_feedback_overflow_query GL_ARB_uniform_buffer_object GL_ARB_vertex_array_bgra GL_ARB_vertex_array_object GL_ARB_vertex_attrib_64bit GL_ARB_vertex_attrib_binding GL_ARB_vertex_buffer_object GL_ARB_vertex_shader GL_ARB_vertex_type_10f_11f_11f_rev GL_ARB_vertex_type_2_10_10_10_rev GL_ARB_viewport_array GL_ATI_blend_
equation_separate GL_ATI_texture_float GL_EXT_EGL_image_storage GL_EXT_EGL_sync GL_EXT_abgr GL_EXT_blend_equation_separate GL_EXT_debug_label GL_EXT_demote_to_helper_invocation GL_EXT_draw_buffers2 GL_EXT_draw_instanced GL_EXT_framebuffer_blit GL_EXT_framebuffer_multisample GL_EXT_framebuffer_multisample_blit_scaled GL_EXT_framebuffer_object GL_EXT_framebuffer_sRGB GL_EXT_memory_object GL_EXT_memory_object_fd GL_EXT_packed_depth_stencil GL_EXT_packed_float GL_EXT_pixel_buffer_object GL_EXT_polygon_offset_clamp GL_EXT_provoking_vertex GL_EXT_semaphore GL_EXT_semaphore_fd GL_EXT_shader_framebuffer_fetch GL_EXT_shader_framebuffer_fetch_non_coherent GL_EXT_shader_integer_mix GL_EXT_shader_samples_identical GL_EXT_texture_array GL_EXT_texture_compression_dxt1 GL_EXT_texture_compression_rgtc GL_EXT_texture_compression_s3tc GL_EXT_texture_filter_anisotropic GL_EXT_texture_integer GL_EXT_texture_sRGB GL_EXT_texture_sRGB_R8 GL_EXT_texture_sRGB_decode GL_EXT_texture_shadow_lod GL_EXT_texture_shared_exponent GL_EXT_tex
ture_snorm GL_EXT_texture_swizzle GL_EXT_timer_query GL_EXT_transform_feedback GL_EXT_vertex_array_bgra GL_EXT_vertex_attrib_64bit GL_IBM_multimode_draw_arrays GL_INTEL_blackhole_render GL_INTEL_conservative_rasterization GL_INTEL_performance_query GL_INTEL_shader_atomic_float_minmax GL_INTEL_shader_integer_functions2 GL_KHR_blend_equation_advanced GL_KHR_blend_equation_advanced_coherent GL_KHR_context_flush_control GL_KHR_debug GL_KHR_no_error GL_KHR_parallel_shader_compile GL_KHR_robust_buffer_access_behavior GL_KHR_robustness GL_KHR_texture_compression_astc_ldr GL_KHR_texture_compression_astc_sliced_3d GL_MESA_framebuffer_flip_y GL_MESA_pack_invert GL_MESA_shader_integer_functions GL_MESA_texture_signed_rgba GL_NV_compute_shader_derivatives GL_NV_conditional_render GL_NV_copy_image GL_NV_depth_clamp GL_NV_fragment_shader_interlock GL_NV_packed_depth_stencil GL_NV_texture_barrier GL_OES_EGL_image GL_S3_s3tc
OPENGL LOG: Creating OpenGL 4.6 graphics device ; Context level  <OpenGL 4.5> ; Context handle -1427089872
Initialize mono
Mono path[0] = '/home/mrrobot/Unity/Hub/Editor/2021.3.19f1/Editor/Data/Managed'
Mono path[1] = '/home/mrrobot/Unity/Hub/Editor/2021.3.19f1/Editor/Data/MonoBleedingEdge/lib/mono/unityjit-linux'
Mono config path = '/home/mrrobot/Unity/Hub/Editor/2021.3.19f1/Editor/Data/MonoBleedingEdge/etc'
Using monoOptions --debugger-agent=transport=dt_socket,embedding=1,server=y,suspend=n,address=127.0.0.1:56699
Begin MonoManager ReloadAssembly
Registering precompiled unity dll's ...
Register platform support module: /home/mrrobot/Unity/Hub/Editor/2021.3.19f1/Editor/Data/PlaybackEngines/LinuxStandaloneSupport/UnityEditor.LinuxStandalone.Extensions.dll
Registered in 0,030970 seconds.
Native extension for LinuxStandalone target not found
Refreshing native plugins compatible for Editor in 277,54 ms, found 0 plugins.
Preloading 0 native plugins for Editor in 0,00 ms.
Mono: successfully reloaded assembly
- Completed reload, in  1,891 seconds
Domain Reload Profiling:
	ReloadAssembly (1892ms)
		BeginReloadAssembly (369ms)
			ExecutionOrderSort (0ms)
			DisableScriptedObjects (0ms)
			BackupInstance (0ms)
			ReleaseScriptingObjects (0ms)
			CreateAndSetChildDomain (1ms)
		EndReloadAssembly (1144ms)
			LoadAssemblies (369ms)
			RebuildTransferFunctionScriptingTraits (3ms)
			SetupTypeCache (275ms)
			ReleaseScriptCaches (1ms)
			RebuildScriptCaches (78ms)
			SetupLoadedEditorAssemblies (671ms)
				LogAssemblyErrors (0ms)
				InitializePlatformSupportModulesInManaged (19ms)
				SetLoadedEditorAssemblies (0ms)
				RefreshPlugins (278ms)
				BeforeProcessingInitializeOnLoad (2ms)
				ProcessInitializeOnLoadAttributes (279ms)
				ProcessInitializeOnLoadMethodAttributes (92ms)
				AfterProcessingInitializeOnLoad (0ms)
				EditorAssembliesLoaded (0ms)
			ExecutionOrderSort2 (0ms)
			AwakeInstancesAfterBackupRestoration (0ms)
Platform modules already initialized, skipping
Registering precompiled user dll's ...
Registered in 0,019490 seconds.
Begin MonoManager ReloadAssembly
Symbol file LoadedFromMemory doesn't match image /home/mrrobot/dev/ANOMALY - Autonomous Network Of Modelled Lifeforms and Yoked-Organisms/Client/Library/PackageCache/com.unity.visualscripting@1.8.0/Editor/VisualScripting.Core/Dependencies/YamlDotNet/Unity.VisualScripting.YamlDotNet.dll
Symbol file LoadedFromMemory doesn't match image /home/mrrobot/dev/ANOMALY - Autonomous Network Of Modelled Lifeforms and Yoked-Organisms/Client/Library/PackageCache/com.unity.visualscripting@1.8.0/Editor/VisualScripting.Core/Dependencies/DotNetZip/Unity.VisualScripting.IonicZip.dll
Native extension for LinuxStandalone target not found
Refreshing native plugins compatible for Editor in 772,41 ms, found 0 plugins.
Preloading 0 native plugins for Editor in 0,00 ms.
UpdateMenuTitleForLanguage: 10
Mono: successfully reloaded assembly
- Completed reload, in  5,774 seconds
Domain Reload Profiling:
	ReloadAssembly (5780ms)
		BeginReloadAssembly (1123ms)
			ExecutionOrderSort (0ms)
			DisableScriptedObjects (46ms)
			BackupInstance (0ms)
			ReleaseScriptingObjects (1ms)
			CreateAndSetChildDomain (74ms)
		EndReloadAssembly (4277ms)
			LoadAssemblies (1197ms)
			RebuildTransferFunctionScriptingTraits (2ms)
			SetupTypeCache (780ms)
			ReleaseScriptCaches (2ms)
			RebuildScriptCaches (140ms)
			SetupLoadedEditorAssemblies (2739ms)
				LogAssemblyErrors (0ms)
				InitializePlatformSupportModulesInManaged (27ms)
				SetLoadedEditorAssemblies (0ms)
				RefreshPlugins (773ms)
				BeforeProcessingInitializeOnLoad (380ms)
				ProcessInitializeOnLoadAttributes (1122ms)
				ProcessInitializeOnLoadMethodAttributes (410ms)
				AfterProcessingInitializeOnLoad (25ms)
				EditorAssembliesLoaded (1ms)
			ExecutionOrderSort2 (0ms)
			AwakeInstancesAfterBackupRestoration (16ms)
Platform modules already initialized, skipping
========================================================================
Worker process is ready to serve import requests
Launched and connected shader compiler UnityShaderCompiler after 0.40 seconds
Refreshing native plugins compatible for Editor in 1,99 ms, found 0 plugins.
Preloading 0 native plugins for Editor in 0,00 ms.
Unloading 4836 Unused Serialized files (Serialized files now loaded: 0)
Unloading 34 unused Assets / (0,6 MB). Loaded Objects now: 5287.
Memory consumption went from 188,6 MB to 187,9 MB.
Total: 13,014436 ms (FindLiveObjects: 2,095212 ms CreateObjectMapping: 1,277779 ms MarkObjects: 8,318969 ms  DeleteObjects: 1,309323 ms)

AssetImportParameters requested are different than current active one (requested -> active):
  custom:video-decoder-ogg-theora: a1e56fd34408186e4bbccfd4996cb3dc -> 
  custom:container-muxer-webm: aa71ff27fc2769a1b78a27578f13a17b -> 
  custom:container-demuxer-webm: 4f35f7cbe854078d1ac9338744f61a02 -> 
  custom:video-encoder-webm-vp8: eb34c28f22e8b96e1ab97ce403110664 -> 
  custom:audio-encoder-webm-vorbis: bf7c407c2cedff20999df2af8eb42d56 -> 
  custom:container-demuxer-ogg: 62fdf1f143b41e24485cea50d1cbac27 -> 
  custom:video-decoder-webm-vp8: 9c59270c3fd7afecdb556c50c9e8de78 -> 
  custom:audio-decoder-ogg-vorbis: bf7c407c2cedff20999df2af8eb42d56 -> 
========================================================================
Received Import Request.
  Time since last request: 65131,126954 seconds.
  path: Assets/Materials
  artifactKey: Guid(45e63a7dfe3b71a6398bce0a5a127057) Importer(815301076,1909f56bfc062723c751e8b465ee728b)
Start importing Assets/Materials using Guid(45e63a7dfe3b71a6398bce0a5a127057) Importer(815301076,1909f56bfc062723c751e8b465ee728b)  -> (artifact id: 'a6f537111916c3623666cbc051fd44cb') in 0,022358 seconds 
========================================================================
Received Import Request.
  Time since last request: 128,257134 seconds.
  path: Assets/Textures
  artifactKey: Guid(823689fbc96a3fc139d4ee0253e8d6b0) Importer(815301076,1909f56bfc062723c751e8b465ee728b)
Start importing Assets/Textures using Guid(823689fbc96a3fc139d4ee0253e8d6b0) Importer(815301076,1909f56bfc062723c751e8b465ee728b)  -> (artifact id: '112b9281a6effa2f56e940e969a2b156') in 0,005412 seconds 
========================================================================
Received Import Request.
  Time since last request: 20,876405 seconds.
  path: Assets/Scripts
  artifactKey: Guid(4f74a9f10e1994154a69d5b331e578b8) Importer(815301076,1909f56bfc062723c751e8b465ee728b)
Start importing Assets/Scripts using Guid(4f74a9f10e1994154a69d5b331e578b8) Importer(815301076,1909f56bfc062723c751e8b465ee728b)  -> (artifact id: '7c00d8303848cbd29f50a49b317a2563') in 0,002851 seconds 
========================================================================
Received Import Request.
  Time since last request: 1,574211 seconds.
  path: Assets/SolarSystem.cs
  artifactKey: Guid(d8a0c15efffd005079afe129780bbb58) Importer(815301076,1909f56bfc062723c751e8b465ee728b)
Start importing Assets/SolarSystem.cs using Guid(d8a0c15efffd005079afe129780bbb58) Importer(815301076,1909f56bfc062723c751e8b465ee728b)  -> (artifact id: 'ef7e984a39fbf1b946d37b87d34f8676') in 0,001934 seconds 
========================================================================
Received Prepare
Registering precompiled user dll's ...
Registered in 0,010928 seconds.
Begin MonoManager ReloadAssembly
Symbol file LoadedFromMemory doesn't match image /home/mrrobot/dev/ANOMALY - Autonomous Network Of Modelled Lifeforms and Yoked-Organisms/Client/Library/PackageCache/com.unity.visualscripting@1.8.0/Editor/VisualScripting.Core/Dependencies/YamlDotNet/Unity.VisualScripting.YamlDotNet.dll
Symbol file LoadedFromMemory doesn't match image /home/mrrobot/dev/ANOMALY - Autonomous Network Of Modelled Lifeforms and Yoked-Organisms/Client/Library/PackageCache/com.unity.visualscripting@1.8.0/Editor/VisualScripting.Core/Dependencies/DotNetZip/Unity.VisualScripting.IonicZip.dll
Native extension for LinuxStandalone target not found
Refreshing native plugins compatible for Editor in 2,34 ms, found 0 plugins.
Preloading 0 native plugins for Editor in 0,00 ms.
Mono: successfully reloaded assembly
- Completed reload, in  5,991 seconds
Domain Reload Profiling:
	ReloadAssembly (5996ms)
		BeginReloadAssembly (2305ms)
			ExecutionOrderSort (0ms)
			DisableScriptedObjects (154ms)
			BackupInstance (0ms)
			ReleaseScriptingObjects (1ms)
			CreateAndSetChildDomain (1140ms)
		EndReloadAssembly (3418ms)
			LoadAssemblies (980ms)
			RebuildTransferFunctionScriptingTraits (1ms)
			SetupTypeCache (1317ms)
			ReleaseScriptCaches (4ms)
			RebuildScriptCaches (145ms)
			SetupLoadedEditorAssemblies (1150ms)
				LogAssemblyErrors (0ms)
				InitializePlatformSupportModulesInManaged (33ms)
				SetLoadedEditorAssemblies (2ms)
				RefreshPlugins (2ms)
				BeforeProcessingInitializeOnLoad (210ms)
				ProcessInitializeOnLoadAttributes (654ms)
				ProcessInitializeOnLoadMethodAttributes (232ms)
				AfterProcessingInitializeOnLoad (16ms)
				EditorAssembliesLoaded (0ms)
			ExecutionOrderSort2 (0ms)
			AwakeInstancesAfterBackupRestoration (18ms)
Platform modules already initialized, skipping
Refreshing native plugins compatible for Editor in 4,21 ms, found 0 plugins.
Preloading 0 native plugins for Editor in 0,00 ms.
Unloading 4712 Unused Serialized files (Serialized files now loaded: 0)
Unloading 27 unused Assets / (0,6 MB). Loaded Objects now: 5290.
Memory consumption went from 179,4 MB to 178,8 MB.
Total: 16,083647 ms (FindLiveObjects: 1,507934 ms CreateObjectMapping: 0,575928 ms MarkObjects: 12,625643 ms  DeleteObjects: 1,058594 ms)

AssetImportParameters requested are different than current active one (requested -> active):
  custom:video-decoder-ogg-theora: a1e56fd34408186e4bbccfd4996cb3dc -> 
  custom:container-muxer-webm: aa71ff27fc2769a1b78a27578f13a17b -> 
  custom:container-demuxer-webm: 4f35f7cbe854078d1ac9338744f61a02 -> 
  custom:video-encoder-webm-vp8: eb34c28f22e8b96e1ab97ce403110664 -> 
  custom:audio-encoder-webm-vorbis: bf7c407c2cedff20999df2af8eb42d56 -> 
  custom:container-demuxer-ogg: 62fdf1f143b41e24485cea50d1cbac27 -> 
  custom:video-decoder-webm-vp8: 9c59270c3fd7afecdb556c50c9e8de78 -> 
  custom:audio-decoder-ogg-vorbis: bf7c407c2cedff20999df2af8eb42d56 -> 
========================================================================
Received Import Request.
  Time since last request: 319,746886 seconds.
  path: Assets/Textures/2k_jupiter.jpg
  artifactKey: Guid(f52b41a3c39957b7c8712d02cfc7b958) Importer(815301076,1909f56bfc062723c751e8b465ee728b)
Start importing Assets/Textures/2k_jupiter.jpg using Guid(f52b41a3c39957b7c8712d02cfc7b958) Importer(815301076,1909f56bfc062723c751e8b465ee728b)  -> (artifact id: 'fc01ef7a4bdb53210249fa7e918ae6f5') in 5,442589 seconds 
========================================================================
Received Import Request.
  Time since last request: 0,000877 seconds.
  path: Assets/Textures/2k_venus_atmosphere.jpg
  artifactKey: Guid(1f86344557e06ca6abd6591b7b28fb04) Importer(815301076,1909f56bfc062723c751e8b465ee728b)
Start importing Assets/Textures/2k_venus_atmosphere.jpg using Guid(1f86344557e06ca6abd6591b7b28fb04) Importer(815301076,1909f56bfc062723c751e8b465ee728b)  -> (artifact id: '00cadd5aa5a8f633e254a5b6f937741a') in 0,023215 seconds 
========================================================================
Received Import Request.
  Time since last request: 0,000100 seconds.
  path: Assets/Textures/2k_saturn.jpg
  artifactKey: Guid(57cc0f542a81403eba1013e8a0927961) Importer(815301076,1909f56bfc062723c751e8b465ee728b)
Start importing Assets/Textures/2k_saturn.jpg using Guid(57cc0f542a81403eba1013e8a0927961) Importer(815301076,1909f56bfc062723c751e8b465ee728b)  -> (artifact id: '6f36523661d3831ca06e85fcdbffece1') in 0,020989 seconds 
========================================================================
Received Import Request.
  Time since last request: 0,000069 seconds.
  path: Assets/Textures/2k_mercury.jpg
  artifactKey: Guid(7097e9c25c9b3caaeb1a20c440626d3e) Importer(815301076,1909f56bfc062723c751e8b465ee728b)
Start importing Assets/Textures/2k_mercury.jpg using Guid(7097e9c25c9b3caaeb1a20c440626d3e) Importer(815301076,1909f56bfc062723c751e8b465ee728b)  -> (artifact id: '120210a46cd8134befc16085fc30df71') in 0,041219 seconds 
========================================================================
Received Import Request.
  Time since last request: 0,000077 seconds.
  path: Assets/Textures/2k_neptune.jpg
  artifactKey: Guid(83d2f5c37e6b5eb84bdf7b2d0a703008) Importer(815301076,1909f56bfc062723c751e8b465ee728b)
Start importing Assets/Textures/2k_neptune.jpg using Guid(83d2f5c37e6b5eb84bdf7b2d0a703008) Importer(815301076,1909f56bfc062723c751e8b465ee728b)  -> (artifact id: '33996553a7335ad77ca9402f79e17905') in 0,031130 seconds 
========================================================================
Received Import Request.
  Time since last request: 0,000056 seconds.
  path: Assets/Textures/2k_mars.jpg
  artifactKey: Guid(a50a28a1f4669edc982633d7f4d81132) Importer(815301076,1909f56bfc062723c751e8b465ee728b)
Start importing Assets/Textures/2k_mars.jpg using Guid(a50a28a1f4669edc982633d7f4d81132) Importer(815301076,1909f56bfc062723c751e8b465ee728b)  -> (artifact id: '56e7e270470f0950cb4c391bdda463e7') in 0,021425 seconds 
========================================================================
Received Import Request.
  Time since last request: 0,000044 seconds.
  path: Assets/Textures/2k_uranus.jpg
  artifactKey: Guid(9ccd7c5dbdf05c611be69f01d5ac98fb) Importer(815301076,1909f56bfc062723c751e8b465ee728b)
Start importing Assets/Textures/2k_uranus.jpg using Guid(9ccd7c5dbdf05c611be69f01d5ac98fb) Importer(815301076,1909f56bfc062723c751e8b465ee728b)  -> (artifact id: 'c49451fc624e3bcf7f789999af5c59ab') in 0,045082 seconds 
========================================================================
Received Import Request.
  Time since last request: 0,000068 seconds.
  path: Assets/Textures/2k_venus_surface.jpg
  artifactKey: Guid(1be64ff0c9c7b1558b13bff4a08ade3f) Importer(815301076,1909f56bfc062723c751e8b465ee728b)
Start importing Assets/Textures/2k_venus_surface.jpg using Guid(1be64ff0c9c7b1558b13bff4a08ade3f) Importer(815301076,1909f56bfc062723c751e8b465ee728b)  -> (artifact id: '538a207569531fceffaadbb9c62b6963') in 0,035676 seconds 
========================================================================
Received Import Request.
  Time since last request: 38,201439 seconds.
  path: Assets/Materials/Jupiter.mat
  artifactKey: Guid(0b16c42c8f9e877ff87e6f434940a9cd) Importer(815301076,1909f56bfc062723c751e8b465ee728b)
Start importing Assets/Materials/Jupiter.mat using Guid(0b16c42c8f9e877ff87e6f434940a9cd) Importer(815301076,1909f56bfc062723c751e8b465ee728b)  -> (artifact id: '5d13403371fd44c3f31a25ad19f1ca5d') in 1,574806 seconds 
========================================================================
Received Import Request.
  Time since last request: 45,046070 seconds.
  path: Assets/Materials/Jupiter.mat
  artifactKey: Guid(0b16c42c8f9e877ff87e6f434940a9cd) Importer(815301076,1909f56bfc062723c751e8b465ee728b)
Start importing Assets/Materials/Jupiter.mat using Guid(0b16c42c8f9e877ff87e6f434940a9cd) Importer(815301076,1909f56bfc062723c751e8b465ee728b)  -> (artifact id: '631bb57abbce4c848ecffddfe3fa6229') in 0,030940 seconds 
========================================================================
Received Import Request.
  Time since last request: 0,000071 seconds.
  path: Assets/Materials/Mars.mat
  artifactKey: Guid(2f329a7d86d7bbbad8b54218e77540c3) Importer(815301076,1909f56bfc062723c751e8b465ee728b)
Start importing Assets/Materials/Mars.mat using Guid(2f329a7d86d7bbbad8b54218e77540c3) Importer(815301076,1909f56bfc062723c751e8b465ee728b)  -> (artifact id: '3d17323310d958aba3a6099d6c6acea5') in 0,022587 seconds 
========================================================================
Received Import Request.
  Time since last request: 94,631264 seconds.
  path: Assets/Materials/Mars.mat
  artifactKey: Guid(2f329a7d86d7bbbad8b54218e77540c3) Importer(815301076,1909f56bfc062723c751e8b465ee728b)
Start importing Assets/Materials/Mars.mat using Guid(2f329a7d86d7bbbad8b54218e77540c3) Importer(815301076,1909f56bfc062723c751e8b465ee728b)  -> (artifact id: '735add3c987210035e8ac65c8b1229bd') in 0,035410 seconds 
========================================================================
Received Import Request.
  Time since last request: 0,000119 seconds.
  path: Assets/Materials/Mercury.mat
  artifactKey: Guid(3a07f832381e9c819a3494160be04521) Importer(815301076,1909f56bfc062723c751e8b465ee728b)
Start importing Assets/Materials/Mercury.mat using Guid(3a07f832381e9c819a3494160be04521) Importer(815301076,1909f56bfc062723c751e8b465ee728b)  -> (artifact id: 'b3a989d47ae8bdb008610039a348f534') in 0,026496 seconds 
========================================================================
Received Import Request.
  Time since last request: 44,225289 seconds.
  path: Assets/Materials/Mercury.mat
  artifactKey: Guid(3a07f832381e9c819a3494160be04521) Importer(815301076,1909f56bfc062723c751e8b465ee728b)
Start importing Assets/Materials/Mercury.mat using Guid(3a07f832381e9c819a3494160be04521) Importer(815301076,1909f56bfc062723c751e8b465ee728b)  -> (artifact id: '0252772b342c3b18a32b2be0af1096d1') in 0,027404 seconds 
========================================================================
Received Import Request.
  Time since last request: 0,000115 seconds.
  path: Assets/Materials/Neptune.mat
  artifactKey: Guid(4779e781bdce95e35aab4976f801ed0d) Importer(815301076,1909f56bfc062723c751e8b465ee728b)
Start importing Assets/Materials/Neptune.mat using Guid(4779e781bdce95e35aab4976f801ed0d) Importer(815301076,1909f56bfc062723c751e8b465ee728b)  -> (artifact id: '558dbc517f0b7719144fa1d476f50aac') in 0,022809 seconds 
========================================================================
Received Import Request.
  Time since last request: 34,440570 seconds.
  path: Assets/Materials/Neptune.mat
  artifactKey: Guid(4779e781bdce95e35aab4976f801ed0d) Importer(815301076,1909f56bfc062723c751e8b465ee728b)
Start importing Assets/Materials/Neptune.mat using Guid(4779e781bdce95e35aab4976f801ed0d) Importer(815301076,1909f56bfc062723c751e8b465ee728b)  -> (artifact id: 'ea109e641c7dc00bffd489a2a946bbfe') in 0,034657 seconds 
========================================================================
Received Import Request.
  Time since last request: 0,000109 seconds.
  path: Assets/Materials/Saturn.mat
  artifactKey: Guid(ba5b9823176b76a4bb6ab6be63dd872c) Importer(815301076,1909f56bfc062723c751e8b465ee728b)
Start importing Assets/Materials/Saturn.mat using Guid(ba5b9823176b76a4bb6ab6be63dd872c) Importer(815301076,1909f56bfc062723c751e8b465ee728b)  -> (artifact id: '37e4eae5f2844c99fddd65e6d41ef057') in 0,018761 seconds 
========================================================================
Received Import Request.
  Time since last request: 31,643503 seconds.
  path: Assets/Materials/Saturn.mat
  artifactKey: Guid(ba5b9823176b76a4bb6ab6be63dd872c) Importer(815301076,1909f56bfc062723c751e8b465ee728b)
Start importing Assets/Materials/Saturn.mat using Guid(ba5b9823176b76a4bb6ab6be63dd872c) Importer(815301076,1909f56bfc062723c751e8b465ee728b)  -> (artifact id: '03a9b219e95e011a5695dcafc02adc28') in 0,028283 seconds 
========================================================================
Received Import Request.
  Time since last request: 0,000078 seconds.
  path: Assets/Materials/Uranus.mat
  artifactKey: Guid(0dc86034b60375f38af517dc4cb5cef5) Importer(815301076,1909f56bfc062723c751e8b465ee728b)
Start importing Assets/Materials/Uranus.mat using Guid(0dc86034b60375f38af517dc4cb5cef5) Importer(815301076,1909f56bfc062723c751e8b465ee728b)  -> (artifact id: '9ecb005eb1e018ee6b8c14dce7cdb841') in 0,020422 seconds 
========================================================================
Received Import Request.
  Time since last request: 16,564721 seconds.
  path: Assets/Materials/Uranus.mat
  artifactKey: Guid(0dc86034b60375f38af517dc4cb5cef5) Importer(815301076,1909f56bfc062723c751e8b465ee728b)
Start importing Assets/Materials/Uranus.mat using Guid(0dc86034b60375f38af517dc4cb5cef5) Importer(815301076,1909f56bfc062723c751e8b465ee728b)  -> (artifact id: 'a6dd6da7ec6f8d9fc0266c96e2fd93e6') in 0,026429 seconds 
========================================================================
Received Import Request.
  Time since last request: 0,000055 seconds.
  path: Assets/Materials/Venus.mat
  artifactKey: Guid(917f24e66474632d4801b690eac8d9bd) Importer(815301076,1909f56bfc062723c751e8b465ee728b)
Start importing Assets/Materials/Venus.mat using Guid(917f24e66474632d4801b690eac8d9bd) Importer(815301076,1909f56bfc062723c751e8b465ee728b)  -> (artifact id: '064a4e066d2433dcc06541aff9aacb0d') in 0,027531 seconds 
========================================================================
Received Prepare
Registering precompiled user dll's ...
Registered in 0,010679 seconds.
Begin MonoManager ReloadAssembly
Symbol file LoadedFromMemory doesn't match image /home/mrrobot/dev/ANOMALY - Autonomous Network Of Modelled Lifeforms and Yoked-Organisms/Client/Library/PackageCache/com.unity.visualscripting@1.8.0/Editor/VisualScripting.Core/Dependencies/YamlDotNet/Unity.VisualScripting.YamlDotNet.dll
Symbol file LoadedFromMemory doesn't match image /home/mrrobot/dev/ANOMALY - Autonomous Network Of Modelled Lifeforms and Yoked-Organisms/Client/Library/PackageCache/com.unity.visualscripting@1.8.0/Editor/VisualScripting.Core/Dependencies/DotNetZip/Unity.VisualScripting.IonicZip.dll
Native extension for LinuxStandalone target not found
Refreshing native plugins compatible for Editor in 2,93 ms, found 0 plugins.
Preloading 0 native plugins for Editor in 0,00 ms.
Mono: successfully reloaded assembly
- Completed reload, in 11,602 seconds
Domain Reload Profiling:
	ReloadAssembly (11617ms)
		BeginReloadAssembly (5360ms)
			ExecutionOrderSort (0ms)
			DisableScriptedObjects (262ms)
			BackupInstance (0ms)
			ReleaseScriptingObjects (3ms)
			CreateAndSetChildDomain (3276ms)
		EndReloadAssembly (5891ms)
			LoadAssemblies (1806ms)
			RebuildTransferFunctionScriptingTraits (2ms)
			SetupTypeCache (1715ms)
			ReleaseScriptCaches (9ms)
			RebuildScriptCaches (403ms)
			SetupLoadedEditorAssemblies (2554ms)
				LogAssemblyErrors (0ms)
				InitializePlatformSupportModulesInManaged (61ms)
				SetLoadedEditorAssemblies (14ms)
				RefreshPlugins (3ms)
				BeforeProcessingInitializeOnLoad (833ms)
				ProcessInitializeOnLoadAttributes (1220ms)
				ProcessInitializeOnLoadMethodAttributes (389ms)
				AfterProcessingInitializeOnLoad (32ms)
				EditorAssembliesLoaded (1ms)
			ExecutionOrderSort2 (0ms)
			AwakeInstancesAfterBackupRestoration (52ms)
Platform modules already initialized, skipping
Refreshing native plugins compatible for Editor in 9,95 ms, found 0 plugins.
Preloading 0 native plugins for Editor in 0,00 ms.
Unloading 4719 Unused Serialized files (Serialized files now loaded: 0)
Unloading 27 unused Assets / (0,6 MB). Loaded Objects now: 5381.
Memory consumption went from 184,5 MB to 183,9 MB.
Total: 13,225993 ms (FindLiveObjects: 1,217550 ms CreateObjectMapping: 0,482527 ms MarkObjects: 10,401975 ms  DeleteObjects: 1,120394 ms)

AssetImportParameters requested are different than current active one (requested -> active):
  custom:video-decoder-ogg-theora: a1e56fd34408186e4bbccfd4996cb3dc -> 
  custom:container-muxer-webm: aa71ff27fc2769a1b78a27578f13a17b -> 
  custom:container-demuxer-webm: 4f35f7cbe854078d1ac9338744f61a02 -> 
  custom:video-encoder-webm-vp8: eb34c28f22e8b96e1ab97ce403110664 -> 
  custom:audio-encoder-webm-vorbis: bf7c407c2cedff20999df2af8eb42d56 -> 
  custom:container-demuxer-ogg: 62fdf1f143b41e24485cea50d1cbac27 -> 
  custom:video-decoder-webm-vp8: 9c59270c3fd7afecdb556c50c9e8de78 -> 
  custom:audio-decoder-ogg-vorbis: bf7c407c2cedff20999df2af8eb42d56 -> 
========================================================================
Received Prepare
Registering precompiled user dll's ...
Registered in 0,011198 seconds.
Begin MonoManager ReloadAssembly
Symbol file LoadedFromMemory doesn't match image /home/mrrobot/dev/ANOMALY - Autonomous Network Of Modelled Lifeforms and Yoked-Organisms/Client/Library/PackageCache/com.unity.visualscripting@1.8.0/Editor/VisualScripting.Core/Dependencies/YamlDotNet/Unity.VisualScripting.YamlDotNet.dll
Symbol file LoadedFromMemory doesn't match image /home/mrrobot/dev/ANOMALY - Autonomous Network Of Modelled Lifeforms and Yoked-Organisms/Client/Library/PackageCache/com.unity.visualscripting@1.8.0/Editor/VisualScripting.Core/Dependencies/DotNetZip/Unity.VisualScripting.IonicZip.dll
Native extension for LinuxStandalone target not found
Refreshing native plugins compatible for Editor in 2,80 ms, found 0 plugins.
Preloading 0 native plugins for Editor in 0,00 ms.
Mono: successfully reloaded assembly
- Completed reload, in 10,416 seconds
Domain Reload Profiling:
	ReloadAssembly (10463ms)
		BeginReloadAssembly (3737ms)
			ExecutionOrderSort (0ms)
			DisableScriptedObjects (194ms)
			BackupInstance (0ms)
			ReleaseScriptingObjects (1ms)
			CreateAndSetChildDomain (2030ms)
		EndReloadAssembly (6207ms)
			LoadAssemblies (2105ms)
			RebuildTransferFunctionScriptingTraits (2ms)
			SetupTypeCache (2883ms)
			ReleaseScriptCaches (5ms)
			RebuildScriptCaches (132ms)
			SetupLoadedEditorAssemblies (1556ms)
				LogAssemblyErrors (0ms)
				InitializePlatformSupportModulesInManaged (33ms)
				SetLoadedEditorAssemblies (3ms)
				RefreshPlugins (3ms)
				BeforeProcessingInitializeOnLoad (315ms)
				ProcessInitializeOnLoadAttributes (898ms)
				ProcessInitializeOnLoadMethodAttributes (269ms)
				AfterProcessingInitializeOnLoad (34ms)
				EditorAssembliesLoaded (1ms)
			ExecutionOrderSort2 (0ms)
			AwakeInstancesAfterBackupRestoration (63ms)
Platform modules already initialized, skipping
Refreshing native plugins compatible for Editor in 14,87 ms, found 0 plugins.
Preloading 0 native plugins for Editor in 0,00 ms.
Unloading 4720 Unused Serialized files (Serialized files now loaded: 0)
Unloading 27 unused Assets / (0,6 MB). Loaded Objects now: 5384.
Memory consumption went from 184,5 MB to 183,9 MB.
Total: 42,901665 ms (FindLiveObjects: 2,590024 ms CreateObjectMapping: 4,969458 ms MarkObjects: 31,002657 ms  DeleteObjects: 4,334966 ms)

AssetImportParameters requested are different than current active one (requested -> active):
  custom:video-decoder-ogg-theora: a1e56fd34408186e4bbccfd4996cb3dc -> 
  custom:container-muxer-webm: aa71ff27fc2769a1b78a27578f13a17b -> 
  custom:container-demuxer-webm: 4f35f7cbe854078d1ac9338744f61a02 -> 
  custom:video-encoder-webm-vp8: eb34c28f22e8b96e1ab97ce403110664 -> 
  custom:audio-encoder-webm-vorbis: bf7c407c2cedff20999df2af8eb42d56 -> 
  custom:container-demuxer-ogg: 62fdf1f143b41e24485cea50d1cbac27 -> 
  custom:video-decoder-webm-vp8: 9c59270c3fd7afecdb556c50c9e8de78 -> 
  custom:audio-decoder-ogg-vorbis: bf7c407c2cedff20999df2af8eb42d56 -> 
========================================================================
Received Prepare
Registering precompiled user dll's ...
Registered in 0,009945 seconds.
Begin MonoManager ReloadAssembly
Symbol file LoadedFromMemory doesn't match image /home/mrrobot/dev/ANOMALY - Autonomous Network Of Modelled Lifeforms and Yoked-Organisms/Client/Library/PackageCache/com.unity.visualscripting@1.8.0/Editor/VisualScripting.Core/Dependencies/YamlDotNet/Unity.VisualScripting.YamlDotNet.dll
Symbol file LoadedFromMemory doesn't match image /home/mrrobot/dev/ANOMALY - Autonomous Network Of Modelled Lifeforms and Yoked-Organisms/Client/Library/PackageCache/com.unity.visualscripting@1.8.0/Editor/VisualScripting.Core/Dependencies/DotNetZip/Unity.VisualScripting.IonicZip.dll
Native extension for LinuxStandalone target not found
Refreshing native plugins compatible for Editor in 3,40 ms, found 0 plugins.
Preloading 0 native plugins for Editor in 0,00 ms.
Mono: successfully reloaded assembly
- Completed reload, in  8,789 seconds
Domain Reload Profiling:
	ReloadAssembly (8794ms)
		BeginReloadAssembly (2796ms)
			ExecutionOrderSort (0ms)
			DisableScriptedObjects (67ms)
			BackupInstance (0ms)
			ReleaseScriptingObjects (3ms)
			CreateAndSetChildDomain (1136ms)
		EndReloadAssembly (5117ms)
			LoadAssemblies (1633ms)
			RebuildTransferFunctionScriptingTraits (3ms)
			SetupTypeCache (1787ms)
			ReleaseScriptCaches (6ms)
			RebuildScriptCaches (193ms)
			SetupLoadedEditorAssemblies (1762ms)
				LogAssemblyErrors (0ms)
				InitializePlatformSupportModulesInManaged (48ms)
				SetLoadedEditorAssemblies (2ms)
				RefreshPlugins (4ms)
				BeforeProcessingInitializeOnLoad (334ms)
				ProcessInitializeOnLoadAttributes (1076ms)
				ProcessInitializeOnLoadMethodAttributes (272ms)
				AfterProcessingInitializeOnLoad (25ms)
				EditorAssembliesLoaded (1ms)
			ExecutionOrderSort2 (0ms)
			AwakeInstancesAfterBackupRestoration (40ms)
Platform modules already initialized, skipping
Refreshing native plugins compatible for Editor in 122,07 ms, found 0 plugins.
Preloading 0 native plugins for Editor in 0,00 ms.
Unloading 4720 Unused Serialized files (Serialized files now loaded: 0)
Unloading 27 unused Assets / (0,6 MB). Loaded Objects now: 5387.
Memory consumption went from 184,5 MB to 183,9 MB.
Total: 21,661246 ms (FindLiveObjects: 1,432809 ms CreateObjectMapping: 1,044535 ms MarkObjects: 14,929313 ms  DeleteObjects: 4,251117 ms)

AssetImportParameters requested are different than current active one (requested -> active):
  custom:video-decoder-ogg-theora: a1e56fd34408186e4bbccfd4996cb3dc -> 
  custom:container-muxer-webm: aa71ff27fc2769a1b78a27578f13a17b -> 
  custom:container-demuxer-webm: 4f35f7cbe854078d1ac9338744f61a02 -> 
  custom:video-encoder-webm-vp8: eb34c28f22e8b96e1ab97ce403110664 -> 
  custom:audio-encoder-webm-vorbis: bf7c407c2cedff20999df2af8eb42d56 -> 
  custom:container-demuxer-ogg: 62fdf1f143b41e24485cea50d1cbac27 -> 
  custom:video-decoder-webm-vp8: 9c59270c3fd7afecdb556c50c9e8de78 -> 
  custom:audio-decoder-ogg-vorbis: bf7c407c2cedff20999df2af8eb42d56 -> 
========================================================================
Received Prepare
Registering precompiled user dll's ...
Registered in 0,011503 seconds.
Begin MonoManager ReloadAssembly
Symbol file LoadedFromMemory doesn't match image /home/mrrobot/dev/ANOMALY - Autonomous Network Of Modelled Lifeforms and Yoked-Organisms/Client/Library/PackageCache/com.unity.visualscripting@1.8.0/Editor/VisualScripting.Core/Dependencies/YamlDotNet/Unity.VisualScripting.YamlDotNet.dll
Symbol file LoadedFromMemory doesn't match image /home/mrrobot/dev/ANOMALY - Autonomous Network Of Modelled Lifeforms and Yoked-Organisms/Client/Library/PackageCache/com.unity.visualscripting@1.8.0/Editor/VisualScripting.Core/Dependencies/DotNetZip/Unity.VisualScripting.IonicZip.dll
Native extension for LinuxStandalone target not found
Refreshing native plugins compatible for Editor in 2,76 ms, found 0 plugins.
Preloading 0 native plugins for Editor in 0,00 ms.
Mono: successfully reloaded assembly
- Completed reload, in  9,872 seconds
Domain Reload Profiling:
	ReloadAssembly (9879ms)
		BeginReloadAssembly (2475ms)
			ExecutionOrderSort (0ms)
			DisableScriptedObjects (94ms)
			BackupInstance (0ms)
			ReleaseScriptingObjects (1ms)
			CreateAndSetChildDomain (1477ms)
		EndReloadAssembly (6913ms)
			LoadAssemblies (1625ms)
			RebuildTransferFunctionScriptingTraits (0ms)
			SetupTypeCache (3426ms)
			ReleaseScriptCaches (7ms)
			RebuildScriptCaches (196ms)
			SetupLoadedEditorAssemblies (1604ms)
				LogAssemblyErrors (0ms)
				InitializePlatformSupportModulesInManaged (48ms)
				SetLoadedEditorAssemblies (4ms)
				RefreshPlugins (3ms)
				BeforeProcessingInitializeOnLoad (306ms)
				ProcessInitializeOnLoadAttributes (914ms)
				ProcessInitializeOnLoadMethodAttributes (302ms)
				AfterProcessingInitializeOnLoad (26ms)
				EditorAssembliesLoaded (1ms)
			ExecutionOrderSort2 (0ms)
			AwakeInstancesAfterBackupRestoration (43ms)
Platform modules already initialized, skipping
Refreshing native plugins compatible for Editor in 9,55 ms, found 0 plugins.
Preloading 0 native plugins for Editor in 0,00 ms.
Unloading 4720 Unused Serialized files (Serialized files now loaded: 0)
Unloading 27 unused Assets / (0,6 MB). Loaded Objects now: 5390.
Memory consumption went from 184,4 MB to 183,7 MB.
Total: 16,634382 ms (FindLiveObjects: 1,338084 ms CreateObjectMapping: 0,540038 ms MarkObjects: 13,396887 ms  DeleteObjects: 1,345403 ms)

AssetImportParameters requested are different than current active one (requested -> active):
  custom:video-decoder-ogg-theora: a1e56fd34408186e4bbccfd4996cb3dc -> 
  custom:container-muxer-webm: aa71ff27fc2769a1b78a27578f13a17b -> 
  custom:container-demuxer-webm: 4f35f7cbe854078d1ac9338744f61a02 -> 
  custom:video-encoder-webm-vp8: eb34c28f22e8b96e1ab97ce403110664 -> 
  custom:audio-encoder-webm-vorbis: bf7c407c2cedff20999df2af8eb42d56 -> 
  custom:container-demuxer-ogg: 62fdf1f143b41e24485cea50d1cbac27 -> 
  custom:video-decoder-webm-vp8: 9c59270c3fd7afecdb556c50c9e8de78 -> 
  custom:audio-decoder-ogg-vorbis: bf7c407c2cedff20999df2af8eb42d56 -> 
